<?xml version="1.0" encoding="UTF-8"?>
<!-- Generated by org.testng.reporters.JUnitReportReporter -->
<testsuite skipped="0" hostname="DESKTOP-VMP5GT0" name="app.tests.teacher.LoginTests" tests="6" failures="0" timestamp="2021-02-28T14:28:49 EET" time="80.473" errors="0">
  <testcase name="test04teacherLogin" time="12.192" classname="app.tests.teacher.LoginTests"/>
  <system-out/>
  <testcase name="test03teacherLogin" time="11.928" classname="app.tests.teacher.LoginTests"/>
  <system-out/>
  <testcase name="test02teacherLogin" time="11.472" classname="app.tests.teacher.LoginTests"/>
  <system-out/>
  <testcase name="test01teacherLogin" time="21.901" classname="app.tests.teacher.LoginTests"/>
  <system-out/>
  <testcase name="test06teacherLogin" time="11.415" classname="app.tests.teacher.LoginTests"/>
  <system-out/>
  <testcase name="test05teacherLogin" time="11.565" classname="app.tests.teacher.LoginTests"/>
  <system-out/>
</testsuite> <!-- app.tests.teacher.LoginTests -->
