<?xml version="1.0" encoding="UTF-8"?>
<!-- Generated by org.testng.reporters.JUnitReportReporter -->
<testsuite skipped="0" hostname="DESKTOP-VMP5GT0" name="app.tests.teacher.StudentRegisterTests" tests="2" failures="0" timestamp="2021-02-28T14:28:49 EET" time="785.842" errors="0">
  <testcase name="test01registerStudent" time="99.108" classname="app.tests.teacher.StudentRegisterTests"/>
  <system-out/>
  <testcase name="test02registerStudentGroup" time="686.734" classname="app.tests.teacher.StudentRegisterTests"/>
  <system-out/>
</testsuite> <!-- app.tests.teacher.StudentRegisterTests -->
